<?xml version="1.0" encoding="UTF-8"?>
<testng-results ignored="0" total="1" passed="1" failed="0" skipped="0">
  <reporter-output>
  </reporter-output>
  <suite started-at="2024-01-08T13:22:26 IST" name="Default suite" finished-at="2024-01-08T13:22:26 IST" duration-ms="95">
    <groups>
    </groups>
    <test started-at="2024-01-08T13:22:26 IST" name="Default test" finished-at="2024-01-08T13:22:26 IST" duration-ms="95">
      <class name="l1.TestNGAssertionsExample">
        <test-method signature="testAssertions()[pri:0, instance:l1.TestNGAssertionsExample@2a265ea9]" started-at="2024-01-08T13:22:26 IST" name="testAssertions" finished-at="2024-01-08T13:22:26 IST" duration-ms="15" status="PASS">
          <reporter-output>
          </reporter-output>
        </test-method> <!-- testAssertions -->
      </class> <!-- l1.TestNGAssertionsExample -->
    </test> <!-- Default test -->
  </suite> <!-- Default suite -->
</testng-results>
